{"item": "barometric pressure sensor", "user": 756, "date": "2023-09-29T14:31:45Z"}
{"item": "solid-state drive", "user": 933, "date": "2023-09-29T14:31:45Z"}
{"item": "USB microscope", "user": 424, "date": "2023-09-29T14:31:45Z"}
{"item": "electronic scale", "user": 980, "date": "2023-09-29T14:31:45Z"}
{"item": "robotic arm", "user": 852, "date": "2023-09-29T14:31:45Z"}
{"item": "wireless earbuds", "user": 582, "date": "2023-09-29T14:31:45Z"}
{"item": "Arduino board", "user": 748, "date": "2023-09-29T14:31:45Z"}
{"item": "video doorbell", "user": 528, "date": "2023-09-29T14:31:46Z"}
{"item": "motherboard", "user": 950, "date": "2023-09-29T14:31:46Z"}
{"item": "smart bulb", "user": 858, "date": "2023-09-29T14:31:46Z"}
{"item": "Bluetooth headphones", "user": 942, "date": "2023-09-29T14:31:46Z"}
{"item": "HDMI cable", "user": 742, "date": "2023-09-29T14:31:46Z"}
{"item": "multimeter", "user": 897, "date": "2023-09-29T14:31:46Z"}
{"item": "USB microscope", "user": 455, "date": "2023-09-29T14:31:46Z"}
{"item": "HDMI cable", "user": 143, "date": "2023-09-29T14:31:46Z"}
{"item": "robotic arm", "user": 598, "date": "2023-09-29T14:31:46Z"}
{"item": "drone charger", "user": 893, "date": "2023-09-29T14:31:46Z"}
{"item": "digital camera", "user": 257, "date": "2023-09-29T14:31:46Z"}
{"item": "power bank", "user": 803, "date": "2023-09-29T14:31:46Z"}
{"item": "wireless barcode scanner", "user": 549, "date": "2023-09-29T14:31:46Z"}
{"item": "VR headset", "user": 351, "date": "2023-09-29T14:31:46Z"}
{"item": "Wacom tablet", "user": 729, "date": "2023-09-29T14:31:46Z"}
{"item": "USB-C dock", "user": 152, "date": "2023-09-29T14:31:46Z"}
{"item": "cord organizer", "user": 207, "date": "2023-09-29T14:31:46Z"}
{"item": "printer ink", "user": 250, "date": "2023-09-29T14:31:46Z"}
{"item": "smart lock", "user": 205, "date": "2023-09-29T14:31:46Z"}
{"item": "gaming console", "user": 705, "date": "2023-09-29T14:31:46Z"}
{"item": "signal oscilloscope", "user": 531, "date": "2023-09-29T14:31:46Z"}
{"item": "digital photo frame", "user": 356, "date": "2023-09-29T14:31:46Z"}
{"item": "HDMI splitter", "user": 856, "date": "2023-09-29T14:31:46Z"}
{"item": "gaming headset", "user": 185, "date": "2023-09-29T14:31:46Z"}
{"item": "universal remote", "user": 921, "date": "2023-09-29T14:31:46Z"}
{"item": "robotic software", "user": 124, "date": "2023-09-29T14:31:46Z"}
{"item": "wireless microphone", "user": 783, "date": "2023-09-29T14:31:46Z"}
{"item": "robot vacuum", "user": 471, "date": "2023-09-29T14:31:46Z"}
{"item": "soundbar", "user": 125, "date": "2023-09-29T14:31:46Z"}
{"item": "laser printer", "user": 582, "date": "2023-09-29T14:31:46Z"}
{"item": "power supply unit", "user": 880, "date": "2023-09-29T14:31:46Z"}
{"item": "video doorbell", "user": 956, "date": "2023-09-29T14:31:46Z"}
{"item": "smartwatch", "user": 737, "date": "2023-09-29T14:31:46Z"}
{"item": "scientific calculator", "user": 807, "date": "2023-09-29T14:31:46Z"}
{"item": "e-ink display", "user": 28, "date": "2023-09-29T14:31:46Z"}
{"item": "RFID tag", "user": 115, "date": "2023-09-29T14:31:46Z"}
{"item": "virtual reality headset", "user": 368, "date": "2023-09-29T14:31:46Z"}
{"item": "digital microscope", "user": 395, "date": "2023-09-29T14:31:46Z"}
{"item": "handheld scanner", "user": 186, "date": "2023-09-29T14:31:46Z"}
{"item": "smart plug", "user": 549, "date": "2023-09-29T14:31:46Z"}
{"item": "portable SSD", "user": 34, "date": "2023-09-29T14:31:46Z"}
{"item": "Arduino board", "user": 290, "date": "2023-09-29T14:31:46Z"}
{"item": "VR headset", "user": 495, "date": "2023-09-29T14:31:46Z"}
