{"item": "gaming console", "user": 800, "date": "2023-09-29T17:34:27Z"}
{"item": "soundbar", "user": 557, "date": "2023-09-29T17:34:27Z"}
{"item": "Bluetooth headphones", "user": 887, "date": "2023-09-29T17:34:27Z"}
{"item": "graphing tablet", "user": 929, "date": "2023-09-29T17:34:27Z"}
{"item": "wireless keyboard", "user": 405, "date": "2023-09-29T17:34:27Z"}
{"item": "wireless presenter", "user": 499, "date": "2023-09-29T17:34:27Z"}
{"item": "printer", "user": 129, "date": "2023-09-29T17:34:27Z"}
{"item": "voice amplifier", "user": 180, "date": "2023-09-29T17:34:27Z"}
{"item": "power bank", "user": 108, "date": "2023-09-29T17:34:27Z"}
{"item": "gaming headset", "user": 733, "date": "2023-09-29T17:34:27Z"}
{"item": "robotic sensor", "user": 704, "date": "2023-09-29T17:34:27Z"}
{"item": "barometric pressure sensor", "user": 901, "date": "2023-09-29T17:34:27Z"}
{"item": "microcontroller", "user": 795, "date": "2023-09-29T17:34:27Z"}
{"item": "USB hub", "user": 277, "date": "2023-09-29T17:34:27Z"}
{"item": "scientific calculator", "user": 139, "date": "2023-09-29T17:34:27Z"}
{"item": "soldering iron", "user": 157, "date": "2023-09-29T17:34:27Z"}
{"item": "fitness tracker", "user": 372, "date": "2023-09-29T17:34:27Z"}
{"item": "stylus pen", "user": 343, "date": "2023-09-29T17:34:27Z"}
{"item": "VR treadmill", "user": 199, "date": "2023-09-29T17:34:27Z"}
{"item": "robot lawn mower", "user": 616, "date": "2023-09-29T17:34:27Z"}
{"item": "3D printer", "user": 328, "date": "2023-09-29T17:34:27Z"}
{"item": "signal generator", "user": 168, "date": "2023-09-29T17:34:27Z"}
{"item": "digital photo frame", "user": 383, "date": "2023-09-29T17:34:27Z"}
{"item": "signal generator", "user": 106, "date": "2023-09-29T17:34:27Z"}
{"item": "video switcher", "user": 808, "date": "2023-09-29T17:34:27Z"}
{"item": "keyboard", "user": 699, "date": "2023-09-29T17:34:27Z"}
{"item": "computer processor", "user": 399, "date": "2023-09-29T17:34:27Z"}
{"item": "USB microphone", "user": 183, "date": "2023-09-29T17:34:27Z"}
{"item": "laptop", "user": 284, "date": "2023-09-29T17:34:27Z"}
{"item": "wireless presenter", "user": 721, "date": "2023-09-29T17:34:27Z"}
{"item": "external hard drive", "user": 998, "date": "2023-09-29T17:34:27Z"}
{"item": "motherboard", "user": 814, "date": "2023-09-29T17:34:27Z"}
{"item": "digital hygrometer", "user": 156, "date": "2023-09-29T17:34:27Z"}
{"item": "TV wall mount", "user": 830, "date": "2023-09-29T17:34:27Z"}
{"item": "Wacom tablet", "user": 110, "date": "2023-09-29T17:34:27Z"}
{"item": "scientific calculator", "user": 56, "date": "2023-09-29T17:34:27Z"}
{"item": "Arduino board", "user": 723, "date": "2023-09-29T17:34:27Z"}
{"item": "robotic exoskeleton", "user": 621, "date": "2023-09-29T17:34:27Z"}
{"item": "bluetooth speaker", "user": 415, "date": "2023-09-29T17:34:27Z"}
{"item": "VR headset", "user": 370, "date": "2023-09-29T17:34:27Z"}
{"item": "RAM", "user": 598, "date": "2023-09-29T17:34:27Z"}
{"item": "circuit board", "user": 872, "date": "2023-09-29T17:34:27Z"}
{"item": "external DVD drive", "user": 578, "date": "2023-09-29T17:34:27Z"}
{"item": "document camera", "user": 486, "date": "2023-09-29T17:34:27Z"}
{"item": "tablet", "user": 712, "date": "2023-09-29T17:34:27Z"}
{"item": "microSD card", "user": 652, "date": "2023-09-29T17:34:27Z"}
{"item": "Arduino board", "user": 665, "date": "2023-09-29T17:34:27Z"}
{"item": "voice recorder", "user": 118, "date": "2023-09-29T17:34:27Z"}
{"item": "motion sensor", "user": 589, "date": "2023-09-29T17:34:27Z"}
{"item": "signal oscilloscope", "user": 45, "date": "2023-09-29T17:34:27Z"}
