{"item": "robot lawn mower", "user": 143, "date": "2023-09-29T15:45:52Z"}
{"item": "robotic sensor", "user": 833, "date": "2023-09-29T15:45:52Z"}
{"item": "HDMI cable", "user": 319, "date": "2023-09-29T15:45:52Z"}
{"item": "wireless microphone", "user": 810, "date": "2023-09-29T15:45:52Z"}
{"item": "LED sign", "user": 13, "date": "2023-09-29T15:45:52Z"}
{"item": "RAM", "user": 547, "date": "2023-09-29T15:45:52Z"}
{"item": "soldering station", "user": 715, "date": "2023-09-29T15:45:52Z"}
{"item": "headphones", "user": 497, "date": "2023-09-29T15:45:52Z"}
{"item": "POS system", "user": 674, "date": "2023-09-29T15:45:52Z"}
{"item": "robot vacuum", "user": 990, "date": "2023-09-29T15:45:52Z"}
{"item": "SIM card reader", "user": 149, "date": "2023-09-29T15:45:52Z"}
{"item": "scientific calculator", "user": 509, "date": "2023-09-29T15:45:52Z"}
{"item": "smart ring", "user": 84, "date": "2023-09-29T15:45:52Z"}
{"item": "smart plug", "user": 143, "date": "2023-09-29T15:45:52Z"}
{"item": "robot lawn mower", "user": 870, "date": "2023-09-29T15:45:52Z"}
{"item": "robotic controller", "user": 193, "date": "2023-09-29T15:45:52Z"}
{"item": "camera", "user": 206, "date": "2023-09-29T15:45:52Z"}
{"item": "handheld scanner", "user": 495, "date": "2023-09-29T15:45:52Z"}
{"item": "e-ink display", "user": 692, "date": "2023-09-29T15:45:52Z"}
{"item": "ethernet cable", "user": 150, "date": "2023-09-29T15:45:52Z"}
{"item": "gaming keyboard", "user": 278, "date": "2023-09-29T15:45:52Z"}
{"item": "robotic sensor", "user": 815, "date": "2023-09-29T15:45:52Z"}
{"item": "smart glasses", "user": 404, "date": "2023-09-29T15:45:52Z"}
{"item": "headphones", "user": 662, "date": "2023-09-29T15:45:52Z"}
{"item": "digital camera", "user": 13, "date": "2023-09-29T15:45:52Z"}
{"item": "barometric pressure sensor", "user": 420, "date": "2023-09-29T15:45:52Z"}
{"item": "stylus pen", "user": 452, "date": "2023-09-29T15:45:52Z"}
{"item": "signal analyzer", "user": 599, "date": "2023-09-29T15:45:52Z"}
{"item": "barcode printer", "user": 544, "date": "2023-09-29T15:45:52Z"}
{"item": "robotic toy", "user": 542, "date": "2023-09-29T15:45:52Z"}
{"item": "RFID reader", "user": 849, "date": "2023-09-29T15:45:52Z"}
{"item": "virtual reality headset", "user": 797, "date": "2023-09-29T15:45:52Z"}
{"item": "motherboard", "user": 251, "date": "2023-09-29T15:45:52Z"}
{"item": "portable SSD", "user": 331, "date": "2023-09-29T15:45:52Z"}
{"item": "wireless presenter", "user": 433, "date": "2023-09-29T15:45:52Z"}
{"item": "Wearable fitness tracker", "user": 523, "date": "2023-09-29T15:45:52Z"}
{"item": "LED matrix display", "user": 745, "date": "2023-09-29T15:45:52Z"}
{"item": "camera", "user": 46, "date": "2023-09-29T15:45:52Z"}
{"item": "TV wall mount", "user": 204, "date": "2023-09-29T15:45:52Z"}
{"item": "home theater projector", "user": 991, "date": "2023-09-29T15:45:52Z"}
{"item": "digital photo frame", "user": 539, "date": "2023-09-29T15:45:52Z"}
{"item": "Bluetooth headphones", "user": 617, "date": "2023-09-29T15:45:52Z"}
{"item": "bluetooth speaker", "user": 686, "date": "2023-09-29T15:45:52Z"}
{"item": "graphics card", "user": 486, "date": "2023-09-29T15:45:52Z"}
{"item": "laser pointer", "user": 905, "date": "2023-09-29T15:45:52Z"}
{"item": "monitor", "user": 8, "date": "2023-09-29T15:45:52Z"}
{"item": "circuit simulator", "user": 337, "date": "2023-09-29T15:45:52Z"}
{"item": "wireless earbuds", "user": 505, "date": "2023-09-29T15:45:52Z"}
{"item": "graphing tablet", "user": 790, "date": "2023-09-29T15:45:52Z"}
{"item": "smartphone", "user": 780, "date": "2023-09-29T15:45:52Z"}
