{"item": "graphing tablet", "user": 197, "date": "2023-09-29T15:45:54Z"}
{"item": "barcode printer", "user": 877, "date": "2023-09-29T15:45:54Z"}
{"item": "USB microphone", "user": 874, "date": "2023-09-29T15:45:54Z"}
{"item": "voice recorder", "user": 74, "date": "2023-09-29T15:45:54Z"}
{"item": "hard disk drive", "user": 332, "date": "2023-09-29T15:45:54Z"}
{"item": "smart plug", "user": 501, "date": "2023-09-29T15:45:54Z"}
{"item": "robotic controller", "user": 976, "date": "2023-09-29T15:45:54Z"}
{"item": "router", "user": 850, "date": "2023-09-29T15:45:54Z"}
{"item": "robotic prosthetic", "user": 809, "date": "2023-09-29T15:45:54Z"}
{"item": "stylus pen", "user": 894, "date": "2023-09-29T15:45:54Z"}
{"item": "Wearable fitness tracker", "user": 568, "date": "2023-09-29T15:45:54Z"}
{"item": "camera", "user": 467, "date": "2023-09-29T15:45:54Z"}
{"item": "smartwatch", "user": 130, "date": "2023-09-29T15:45:54Z"}
{"item": "microphone", "user": 655, "date": "2023-09-29T15:45:54Z"}
{"item": "Wacom tablet", "user": 944, "date": "2023-09-29T15:45:54Z"}
{"item": "USB-C dock", "user": 712, "date": "2023-09-29T15:45:54Z"}
{"item": "handheld scanner", "user": 801, "date": "2023-09-29T15:45:54Z"}
{"item": "external DVD drive", "user": 866, "date": "2023-09-29T15:45:54Z"}
{"item": "wireless keyboard", "user": 521, "date": "2023-09-29T15:45:54Z"}
{"item": "robotic prosthetic", "user": 917, "date": "2023-09-29T15:45:54Z"}
{"item": "video switcher", "user": 602, "date": "2023-09-29T15:45:54Z"}
{"item": "solar panel", "user": 998, "date": "2023-09-29T15:45:54Z"}
{"item": "smart belt", "user": 131, "date": "2023-09-29T15:45:54Z"}
{"item": "Raspberry Pi", "user": 707, "date": "2023-09-29T15:45:54Z"}
{"item": "hard disk drive", "user": 800, "date": "2023-09-29T15:45:54Z"}
{"item": "microcontroller", "user": 421, "date": "2023-09-29T15:45:54Z"}
{"item": "robotic toy", "user": 305, "date": "2023-09-29T15:45:54Z"}
{"item": "webcam", "user": 663, "date": "2023-09-29T15:45:54Z"}
{"item": "Raspberry Pi", "user": 237, "date": "2023-09-29T15:45:54Z"}
{"item": "stylus pen", "user": 410, "date": "2023-09-29T15:45:54Z"}
{"item": "smart lock", "user": 821, "date": "2023-09-29T15:45:54Z"}
{"item": "wireless keyboard", "user": 871, "date": "2023-09-29T15:45:54Z"}
{"item": "electronic scale", "user": 160, "date": "2023-09-29T15:45:54Z"}
{"item": "action camera", "user": 29, "date": "2023-09-29T15:45:54Z"}
{"item": "smartphone", "user": 931, "date": "2023-09-29T15:45:54Z"}
{"item": "digital camera", "user": 589, "date": "2023-09-29T15:45:54Z"}
{"item": "e-ink display", "user": 762, "date": "2023-09-29T15:45:54Z"}
{"item": "Arduino board", "user": 611, "date": "2023-09-29T15:45:54Z"}
{"item": "drone", "user": 408, "date": "2023-09-29T15:45:54Z"}
{"item": "computer processor", "user": 1000, "date": "2023-09-29T15:45:54Z"}
{"item": "robotic toy", "user": 615, "date": "2023-09-29T15:45:54Z"}
{"item": "microSD card", "user": 322, "date": "2023-09-29T15:45:54Z"}
{"item": "cable tester", "user": 332, "date": "2023-09-29T15:45:54Z"}
{"item": "microphone", "user": 768, "date": "2023-09-29T15:45:54Z"}
{"item": "smart thermostat", "user": 286, "date": "2023-09-29T15:45:54Z"}
{"item": "wireless headphones", "user": 241, "date": "2023-09-29T15:45:54Z"}
{"item": "GPS device", "user": 734, "date": "2023-09-29T15:45:54Z"}
{"item": "voice recorder", "user": 671, "date": "2023-09-29T15:45:54Z"}
{"item": "robotic kit", "user": 280, "date": "2023-09-29T15:45:54Z"}
{"item": "LED matrix display", "user": 344, "date": "2023-09-29T15:45:54Z"}
