{"item": "Bluetooth headphones", "user": 285, "date": "2023-09-29T15:45:53Z"}
{"item": "soundbar", "user": 493, "date": "2023-09-29T15:45:53Z"}
{"item": "robot arm", "user": 739, "date": "2023-09-29T15:45:53Z"}
{"item": "smart scale", "user": 388, "date": "2023-09-29T15:45:53Z"}
{"item": "signal oscilloscope", "user": 901, "date": "2023-09-29T15:45:53Z"}
{"item": "HDMI splitter", "user": 279, "date": "2023-09-29T15:45:53Z"}
{"item": "robotic toy", "user": 195, "date": "2023-09-29T15:45:53Z"}
{"item": "gaming headset", "user": 562, "date": "2023-09-29T15:45:53Z"}
{"item": "electronic scale", "user": 812, "date": "2023-09-29T15:45:53Z"}
{"item": "VR treadmill", "user": 885, "date": "2023-09-29T15:45:53Z"}
{"item": "headphones", "user": 475, "date": "2023-09-29T15:45:53Z"}
{"item": "power bank", "user": 961, "date": "2023-09-29T15:45:53Z"}
{"item": "smart doorbell", "user": 924, "date": "2023-09-29T15:45:53Z"}
{"item": "scientific calculator", "user": 969, "date": "2023-09-29T15:45:53Z"}
{"item": "GoPro camera", "user": 458, "date": "2023-09-29T15:45:53Z"}
{"item": "USB-C dock", "user": 622, "date": "2023-09-29T15:45:53Z"}
{"item": "smart thermostat", "user": 201, "date": "2023-09-29T15:45:53Z"}
{"item": "circuit board", "user": 583, "date": "2023-09-29T15:45:53Z"}
{"item": "HDMI cable", "user": 342, "date": "2023-09-29T15:45:53Z"}
{"item": "smart ring", "user": 782, "date": "2023-09-29T15:45:53Z"}
{"item": "Bluetooth headphones", "user": 684, "date": "2023-09-29T15:45:53Z"}
{"item": "solid-state drive", "user": 117, "date": "2023-09-29T15:45:53Z"}
{"item": "solid-state drive", "user": 429, "date": "2023-09-29T15:45:53Z"}
{"item": "Raspberry Pi", "user": 666, "date": "2023-09-29T15:45:53Z"}
{"item": "USB flash drive", "user": 280, "date": "2023-09-29T15:45:53Z"}
{"item": "smart plug", "user": 921, "date": "2023-09-29T15:45:53Z"}
{"item": "robotic controller", "user": 486, "date": "2023-09-29T15:45:53Z"}
{"item": "Raspberry Pi", "user": 939, "date": "2023-09-29T15:45:53Z"}
{"item": "webcam", "user": 547, "date": "2023-09-29T15:45:53Z"}
{"item": "voice recorder", "user": 618, "date": "2023-09-29T15:45:53Z"}
{"item": "HDMI splitter", "user": 77, "date": "2023-09-29T15:45:53Z"}
{"item": "surround sound system", "user": 595, "date": "2023-09-29T15:45:53Z"}
{"item": "LED matrix display", "user": 966, "date": "2023-09-29T15:45:53Z"}
{"item": "virtual reality headset", "user": 542, "date": "2023-09-29T15:45:53Z"}
{"item": "power supply unit", "user": 801, "date": "2023-09-29T15:45:53Z"}
{"item": "wireless presenter", "user": 424, "date": "2023-09-29T15:45:53Z"}
{"item": "handheld scanner", "user": 523, "date": "2023-09-29T15:45:53Z"}
{"item": "smart mirror", "user": 235, "date": "2023-09-29T15:45:53Z"}
{"item": "gaming keyboard", "user": 273, "date": "2023-09-29T15:45:53Z"}
{"item": "wireless headphones", "user": 615, "date": "2023-09-29T15:45:53Z"}
{"item": "robot vacuum", "user": 149, "date": "2023-09-29T15:45:53Z"}
{"item": "game controller", "user": 399, "date": "2023-09-29T15:45:53Z"}
{"item": "USB microscope", "user": 896, "date": "2023-09-29T15:45:53Z"}
{"item": "monitor", "user": 721, "date": "2023-09-29T15:45:53Z"}
{"item": "gaming headset", "user": 705, "date": "2023-09-29T15:45:53Z"}
{"item": "smart gloves", "user": 730, "date": "2023-09-29T15:45:53Z"}
{"item": "graphics card", "user": 371, "date": "2023-09-29T15:45:53Z"}
{"item": "robotic controller", "user": 476, "date": "2023-09-29T15:45:53Z"}
{"item": "power bank", "user": 79, "date": "2023-09-29T15:45:53Z"}
{"item": "gaming mouse", "user": 69, "date": "2023-09-29T15:45:53Z"}
