{"item": "wireless presenter", "user": 400, "date": "2023-09-29T17:34:29Z"}
{"item": "RFID reader", "user": 528, "date": "2023-09-29T17:34:29Z"}
{"item": "voice amplifier", "user": 819, "date": "2023-09-29T17:34:29Z"}
{"item": "power supply unit", "user": 80, "date": "2023-09-29T17:34:29Z"}
{"item": "soldering station", "user": 874, "date": "2023-09-29T17:34:29Z"}
{"item": "e-ink display", "user": 114, "date": "2023-09-29T17:34:29Z"}
{"item": "LED matrix display", "user": 827, "date": "2023-09-29T17:34:29Z"}
{"item": "mouse", "user": 172, "date": "2023-09-29T17:34:29Z"}
{"item": "soldering iron", "user": 555, "date": "2023-09-29T17:34:29Z"}
{"item": "electronic scale", "user": 539, "date": "2023-09-29T17:34:29Z"}
{"item": "digital camera", "user": 537, "date": "2023-09-29T17:34:29Z"}
{"item": "voice amplifier", "user": 505, "date": "2023-09-29T17:34:29Z"}
{"item": "RFID tag", "user": 265, "date": "2023-09-29T17:34:29Z"}
{"item": "smart scale", "user": 890, "date": "2023-09-29T17:34:29Z"}
{"item": "fitness tracker", "user": 194, "date": "2023-09-29T17:34:29Z"}
{"item": "motion sensor", "user": 805, "date": "2023-09-29T17:34:29Z"}
{"item": "wireless microphone", "user": 663, "date": "2023-09-29T17:34:29Z"}
{"item": "robotic toy", "user": 744, "date": "2023-09-29T17:34:29Z"}
{"item": "electronic scale", "user": 941, "date": "2023-09-29T17:34:29Z"}
{"item": "smart mirror", "user": 347, "date": "2023-09-29T17:34:29Z"}
{"item": "external DVD drive", "user": 190, "date": "2023-09-29T17:34:29Z"}
{"item": "wireless mouse", "user": 189, "date": "2023-09-29T17:34:29Z"}
{"item": "robotic prosthetic", "user": 873, "date": "2023-09-29T17:34:29Z"}
{"item": "robotic sensor", "user": 293, "date": "2023-09-29T17:34:29Z"}
{"item": "colorimeter", "user": 876, "date": "2023-09-29T17:34:29Z"}
{"item": "gaming console", "user": 239, "date": "2023-09-29T17:34:29Z"}
{"item": "keyboard", "user": 897, "date": "2023-09-29T17:34:29Z"}
{"item": "wireless keyboard", "user": 11, "date": "2023-09-29T17:34:29Z"}
{"item": "walkie-talkie", "user": 628, "date": "2023-09-29T17:34:29Z"}
{"item": "monitor", "user": 695, "date": "2023-09-29T17:34:29Z"}
{"item": "GPS device", "user": 627, "date": "2023-09-29T17:34:29Z"}
{"item": "wireless barcode scanner", "user": 757, "date": "2023-09-29T17:34:29Z"}
{"item": "bluetooth speaker", "user": 835, "date": "2023-09-29T17:34:29Z"}
{"item": "wireless mouse", "user": 273, "date": "2023-09-29T17:34:29Z"}
{"item": "smart gloves", "user": 64, "date": "2023-09-29T17:34:29Z"}
{"item": "3D printing pen", "user": 639, "date": "2023-09-29T17:34:29Z"}
{"item": "microcontroller", "user": 661, "date": "2023-09-29T17:34:29Z"}
{"item": "tablet", "user": 565, "date": "2023-09-29T17:34:29Z"}
{"item": "robotic kit", "user": 912, "date": "2023-09-29T17:34:29Z"}
{"item": "mouse", "user": 319, "date": "2023-09-29T17:34:29Z"}
{"item": "laptop", "user": 23, "date": "2023-09-29T17:34:29Z"}
{"item": "universal remote", "user": 358, "date": "2023-09-29T17:34:29Z"}
{"item": "soundbar", "user": 580, "date": "2023-09-29T17:34:29Z"}
{"item": "smart scale", "user": 271, "date": "2023-09-29T17:34:29Z"}
{"item": "wireless charger", "user": 74, "date": "2023-09-29T17:34:29Z"}
{"item": "RFID tag", "user": 333, "date": "2023-09-29T17:34:29Z"}
{"item": "smart thermostat", "user": 873, "date": "2023-09-29T17:34:29Z"}
{"item": "laser printer", "user": 1, "date": "2023-09-29T17:34:29Z"}
{"item": "portable SSD", "user": 345, "date": "2023-09-29T17:34:29Z"}
{"item": "voice amplifier", "user": 534, "date": "2023-09-29T17:34:29Z"}
