{"item": "graphing tablet", "user": 160, "date": "2023-09-29T17:34:28Z"}
{"item": "portable charger", "user": 861, "date": "2023-09-29T17:34:28Z"}
{"item": "laser pointer", "user": 224, "date": "2023-09-29T17:34:28Z"}
{"item": "smart belt", "user": 909, "date": "2023-09-29T17:34:28Z"}
{"item": "e-reader", "user": 505, "date": "2023-09-29T17:34:28Z"}
{"item": "monitor", "user": 162, "date": "2023-09-29T17:34:28Z"}
{"item": "video doorbell", "user": 964, "date": "2023-09-29T17:34:28Z"}
{"item": "GPS device", "user": 874, "date": "2023-09-29T17:34:28Z"}
{"item": "universal remote", "user": 185, "date": "2023-09-29T17:34:28Z"}
{"item": "thermal paste", "user": 835, "date": "2023-09-29T17:34:28Z"}
{"item": "robotic toy", "user": 954, "date": "2023-09-29T17:34:28Z"}
{"item": "surround sound system", "user": 577, "date": "2023-09-29T17:34:28Z"}
{"item": "wireless charger", "user": 372, "date": "2023-09-29T17:34:28Z"}
{"item": "stylus pen", "user": 910, "date": "2023-09-29T17:34:28Z"}
{"item": "document camera", "user": 866, "date": "2023-09-29T17:34:28Z"}
{"item": "Arduino board", "user": 902, "date": "2023-09-29T17:34:28Z"}
{"item": "wireless presenter", "user": 22, "date": "2023-09-29T17:34:28Z"}
{"item": "motherboard", "user": 760, "date": "2023-09-29T17:34:28Z"}
{"item": "soldering iron", "user": 169, "date": "2023-09-29T17:34:28Z"}
{"item": "HDMI splitter", "user": 62, "date": "2023-09-29T17:34:28Z"}
{"item": "USB microphone", "user": 432, "date": "2023-09-29T17:34:28Z"}
{"item": "USB flash drive", "user": 715, "date": "2023-09-29T17:34:28Z"}
{"item": "motherboard", "user": 62, "date": "2023-09-29T17:34:28Z"}
{"item": "smart thermostat", "user": 357, "date": "2023-09-29T17:34:28Z"}
{"item": "robotic kit", "user": 857, "date": "2023-09-29T17:34:28Z"}
{"item": "document camera", "user": 137, "date": "2023-09-29T17:34:28Z"}
{"item": "gaming headset", "user": 370, "date": "2023-09-29T17:34:28Z"}
{"item": "graphing tablet", "user": 737, "date": "2023-09-29T17:34:28Z"}
{"item": "smartwatch", "user": 507, "date": "2023-09-29T17:34:28Z"}
{"item": "smart scale", "user": 937, "date": "2023-09-29T17:34:28Z"}
{"item": "microphone", "user": 458, "date": "2023-09-29T17:34:28Z"}
{"item": "wireless barcode scanner", "user": 500, "date": "2023-09-29T17:34:28Z"}
{"item": "video doorbell", "user": 393, "date": "2023-09-29T17:34:28Z"}
{"item": "smart ring", "user": 316, "date": "2023-09-29T17:34:28Z"}
{"item": "soldering station", "user": 500, "date": "2023-09-29T17:34:28Z"}
{"item": "electronic scale", "user": 668, "date": "2023-09-29T17:34:28Z"}
{"item": "barcode printer", "user": 926, "date": "2023-09-29T17:34:28Z"}
{"item": "digital microscope", "user": 898, "date": "2023-09-29T17:34:28Z"}
{"item": "microphone", "user": 773, "date": "2023-09-29T17:34:28Z"}
{"item": "colorimeter", "user": 541, "date": "2023-09-29T17:34:28Z"}
{"item": "virtual reality headset", "user": 936, "date": "2023-09-29T17:34:28Z"}
{"item": "printer", "user": 511, "date": "2023-09-29T17:34:28Z"}
{"item": "3D printer", "user": 743, "date": "2023-09-29T17:34:28Z"}
{"item": "stylus pen", "user": 614, "date": "2023-09-29T17:34:28Z"}
{"item": "smart mirror", "user": 322, "date": "2023-09-29T17:34:28Z"}
{"item": "laser printer", "user": 33, "date": "2023-09-29T17:34:28Z"}
{"item": "smart ring", "user": 955, "date": "2023-09-29T17:34:28Z"}
{"item": "Arduino board", "user": 841, "date": "2023-09-29T17:34:28Z"}
{"item": "robot vacuum", "user": 486, "date": "2023-09-29T17:34:28Z"}
{"item": "document camera", "user": 360, "date": "2023-09-29T17:34:28Z"}
